
=== Thu Apr  2 18:29:53 2020

Packages were changed.
Update Mode: updateDependencies

The following packages were added:
  com.unity.2d.sprite@1.0.0
  com.unity.2d.tilemap@1.0.0
  com.unity.ide.rider@1.1.4
  com.unity.ide.vscode@1.1.4
  com.unity.modules.androidjni@1.0.0
  com.unity.multiplayer-hlapi@1.0.4
  com.unity.test-framework@1.1.11
  com.unity.timeline@1.2.6
  com.unity.ugui@1.0.0
  com.unity.xr.legacyinputhelpers@1.3.11
The following packages were updated:
  com.unity.collab-proxy from version 1.2.15 to 1.2.16
  com.unity.postprocessing from version 2.0.15-preview to 2.2.2
  com.unity.shadergraph from version 4.1.0-preview to 7.1.8
The following packages were removed:
  com.unity.package-manager-ui@2.0.7

=== Wed Aug 12 08:14:32 2020

Packages were changed.
Update Mode: updateDependencies

The following packages were added:
  com.unity.ide.visualstudio@2.0.2
The following packages were updated:
  com.unity.ide.rider from version 1.1.4 to 1.2.1
  com.unity.test-framework from version 1.1.13 to 1.1.14
  com.unity.textmeshpro from version 2.0.1 to 3.0.1

=== Thu Jun 10 18:30:15 2021

Packages were changed.
Update Mode: updateDependencies

The following packages were updated:
  com.unity.ide.rider from version 1.2.1 to 2.0.7
  com.unity.ide.visualstudio from version 2.0.2 to 2.0.7
  com.unity.test-framework from version 1.1.16 to 1.1.22
  com.unity.timeline from version 1.3.5 to 1.4.6
